0 info it worked if it ends with ok
1 verbose cli [ '/usr/local/bin/node', '/usr/local/bin/npm', 'publish' ]
2 info using npm@2.14.7
3 info using node@v4.2.1
4 verbose publish [ '.' ]
5 silly cache add args [ '.', null ]
6 verbose cache add spec .
7 silly cache add parsed spec Result {
7 silly cache add   raw: '.',
7 silly cache add   scope: null,
7 silly cache add   name: null,
7 silly cache add   rawSpec: '.',
7 silly cache add   spec: '/home/tim/git/js/leaflet-tracksymbol',
7 silly cache add   type: 'directory' }
8 verbose addLocalDirectory /home/tim/.npm/leaflet-tracksymbol/0.0.3/package.tgz not in flight; packing
9 verbose tar pack [ '/home/tim/.npm/leaflet-tracksymbol/0.0.3/package.tgz',
9 verbose tar pack   '/home/tim/git/js/leaflet-tracksymbol' ]
10 verbose tarball /home/tim/.npm/leaflet-tracksymbol/0.0.3/package.tgz
11 verbose folder /home/tim/git/js/leaflet-tracksymbol
12 info prepublish leaflet-tracksymbol@0.0.3
13 verbose addLocalTarball adding from inside cache /home/tim/.npm/leaflet-tracksymbol/0.0.3/package.tgz
14 silly cache afterAdd leaflet-tracksymbol@0.0.3
15 verbose afterAdd /home/tim/.npm/leaflet-tracksymbol/0.0.3/package/package.json not in flight; writing
16 verbose afterAdd /home/tim/.npm/leaflet-tracksymbol/0.0.3/package/package.json written
17 silly publish { name: 'leaflet-tracksymbol',
17 silly publish   version: '0.0.3',
17 silly publish   description: 'A triangular symbol for showing tracks on a leaflet-layer',
17 silly publish   main: 'leaflet-tracksymbol.js',
17 silly publish   scripts: { test: 'echo "Error: no test specified" && exit 1' },
17 silly publish   publishConfig: { registry: 'http://registry.npmjs.org/' },
17 silly publish   repository:
17 silly publish    { type: 'git',
17 silly publish      url: 'git+https://github.com/lethexa/leaflet-tracksymbol.git' },
17 silly publish   keywords: [ 'marker' ],
17 silly publish   author: { name: 'Tim Leerhoff', email: 'tleerhof@web.de' },
17 silly publish   license: 'MIT',
17 silly publish   bugs: { url: 'https://github.com/lethexa/leaflet-tracksymbol/issues' },
17 silly publish   homepage: 'https://github.com/lethexa/leaflet-tracksymbol#readme',
17 silly publish   readme: 'This is a symbol for leaflet-layers showing tracks with speed, course and heading.\nThe source code can be found on [github].\n\nExample\n-------\n\n\tvar latlng = L.latLng(20, 30);\n\tvar speed = 10.0 // In m/s\n\tvar course = 45.0 * Math.PI / 180.0; // Radians from north\n\tvar heading = 45.0 * Math.PI / 180.0; // Radians from north\n\n\tvar trackMarker = L.trackSymbol(latlng, {\n        \ttrackId: 123,\n       \t\tfill: true,\n        \tfillColor: \'#0000ff\',\n        \tfillOpacity: 1.0,\n        \tstroke: true,\n        \tcolor: \'#000000\',\n       \t\topacity: 1.0,\n       \t\tweight: 1.0,\n        \tspeed: speed,\n        \tcourse: course,\n        \theading: heading\n      \t});\n\n\ttrackMarker.addTo(map);\n\n\n[github]: https://github.com/lethexa/leaflet-tracksymbol "Tracksymbol GitHub repository"\n',
17 silly publish   readmeFilename: 'README.md',
17 silly publish   gitHead: '4dfc1d140c7ff07093ccebc989552f1835357763',
17 silly publish   _id: 'leaflet-tracksymbol@0.0.3',
17 silly publish   _shasum: '2521c48908f0d08ffebf34e84dcd7271e4c814d1',
17 silly publish   _from: '.' }
18 verbose getPublishConfig { registry: 'http://registry.npmjs.org/' }
19 silly mapToRegistry name leaflet-tracksymbol
20 silly mapToRegistry using default registry
21 silly mapToRegistry registry http://registry.npmjs.org/
22 silly mapToRegistry uri http://registry.npmjs.org/leaflet-tracksymbol
23 verbose publish registryBase http://registry.npmjs.org/
24 silly publish uploading /home/tim/.npm/leaflet-tracksymbol/0.0.3/package.tgz
25 verbose request uri http://registry.npmjs.org/leaflet-tracksymbol
26 verbose request sending authorization for write operation
27 info attempt registry request try #1 at 19:42:22
28 verbose request using bearer token for auth
29 verbose request id bd6bbf59e4735f81
30 http request PUT http://registry.npmjs.org/leaflet-tracksymbol
31 http 403 http://registry.npmjs.org/leaflet-tracksymbol
32 verbose headers { 'content-type': 'application/json',
32 verbose headers   'cache-control': 'max-age=300',
32 verbose headers   'content-length': '95',
32 verbose headers   'accept-ranges': 'bytes',
32 verbose headers   date: 'Wed, 10 Feb 2016 18:42:24 GMT',
32 verbose headers   via: '1.1 varnish',
32 verbose headers   connection: 'keep-alive',
32 verbose headers   'x-served-by': 'cache-fra1234-FRA',
32 verbose headers   'x-cache': 'MISS',
32 verbose headers   'x-cache-hits': '0',
32 verbose headers   'x-timer': 'S1455129743.157436,VS0,VE1303' }
33 verbose request invalidating /home/tim/.npm/registry.npmjs.org/leaflet-tracksymbol on PUT
34 error publish Failed PUT 403
35 verbose stack Error: "You cannot publish over the previously published version 0.0.3." : leaflet-tracksymbol
35 verbose stack     at makeError (/usr/local/lib/node_modules/npm/node_modules/npm-registry-client/lib/request.js:264:12)
35 verbose stack     at CachingRegistryClient.<anonymous> (/usr/local/lib/node_modules/npm/node_modules/npm-registry-client/lib/request.js:252:14)
35 verbose stack     at Request._callback (/usr/local/lib/node_modules/npm/node_modules/npm-registry-client/lib/request.js:172:14)
35 verbose stack     at Request.self.callback (/usr/local/lib/node_modules/npm/node_modules/request/request.js:198:22)
35 verbose stack     at emitTwo (events.js:87:13)
35 verbose stack     at Request.emit (events.js:172:7)
35 verbose stack     at Request.<anonymous> (/usr/local/lib/node_modules/npm/node_modules/request/request.js:1063:14)
35 verbose stack     at emitOne (events.js:82:20)
35 verbose stack     at Request.emit (events.js:169:7)
35 verbose stack     at IncomingMessage.<anonymous> (/usr/local/lib/node_modules/npm/node_modules/request/request.js:1009:12)
36 verbose statusCode 403
37 verbose pkgid leaflet-tracksymbol
38 verbose cwd /home/tim/git/js/leaflet-tracksymbol
39 error Linux 3.19.0-49-generic
40 error argv "/usr/local/bin/node" "/usr/local/bin/npm" "publish"
41 error node v4.2.1
42 error npm  v2.14.7
43 error code E403
44 error "You cannot publish over the previously published version 0.0.3." : leaflet-tracksymbol
45 error If you need help, you may report this error at:
45 error     <https://github.com/npm/npm/issues>
46 verbose exit [ 1, true ]
